02-Android/app/build/intermediates/manifest_merge_blame_file/debug/manifest-merger-blame-debug-report.txt
1<?xml version="1.0" encoding="utf-8"?>
2<manifest xmlns:android="http://schemas.android.com/apk/res/android"
3    package="com.example.b2023gr2sw"
4    android:versionCode="1"
5    android:versionName="1.0" >
6
7    <uses-sdk
8        android:minSdkVersion="24"
9        android:targetSdkVersion="33" />
10
11    <uses-permission android:name="android.permission.ACCESS_COARSE_LOCATION" />
11-->src\main\AndroidManifest.xml:5:5-81
11-->src\main\AndroidManifest.xml:5:22-78
12    <uses-permission android:name="android.permission.ACCESS_FINE_LOCATION" />
12-->src\main\AndroidManifest.xml:6:5-79
12-->src\main\AndroidManifest.xml:6:22-76
13    <uses-permission android:name="android.permission.ACCESS_NETWORK_STATE" />
13-->[com.firebaseui:firebase-ui-auth:7.2.0] AndroidManifest.xml:12:5-79
13-->[com.firebaseui:firebase-ui-auth:7.2.0] AndroidManifest.xml:12:22-76
14    <uses-permission android:name="android.permission.INTERNET" />
14-->[com.firebaseui:firebase-ui-auth:7.2.0] AndroidManifest.xml:13:5-67
14-->[com.firebaseui:firebase-ui-auth:7.2.0] AndroidManifest.xml:13:22-64
15
16    <uses-feature
16-->[com.google.android.gms:play-services-maps:18.1.0] AndroidManifest.xml:26:5-28:35
17        android:glEsVersion="0x00020000"
17-->[com.google.android.gms:play-services-maps:18.1.0] AndroidManifest.xml:27:9-41
18        android:required="true" />
18-->[com.google.android.gms:play-services-maps:18.1.0] AndroidManifest.xml:28:9-32
19
20    <queries>
20-->[com.google.android.gms:play-services-maps:18.1.0] AndroidManifest.xml:30:5-34:15
21
22        <!-- Needs to be explicitly declared on Android R+ -->
23        <package android:name="com.google.android.apps.maps" />
23-->[com.google.android.gms:play-services-maps:18.1.0] AndroidManifest.xml:33:9-64
23-->[com.google.android.gms:play-services-maps:18.1.0] AndroidManifest.xml:33:18-61
24    </queries>
25
26    <permission
26-->[androidx.core:core:1.9.0] AndroidManifest.xml:22:5-24:47
27        android:name="com.example.b2023gr2sw.DYNAMIC_RECEIVER_NOT_EXPORTED_PERMISSION"
27-->[androidx.core:core:1.9.0] AndroidManifest.xml:23:9-81
28        android:protectionLevel="signature" />
28-->[androidx.core:core:1.9.0] AndroidManifest.xml:24:9-44
29
30    <uses-permission android:name="com.example.b2023gr2sw.DYNAMIC_RECEIVER_NOT_EXPORTED_PERMISSION" />
30-->[androidx.core:core:1.9.0] AndroidManifest.xml:26:5-97
30-->[androidx.core:core:1.9.0] AndroidManifest.xml:26:22-94
31
32    <application
32-->src\main\AndroidManifest.xml:8:5-68:19
33        android:allowBackup="true"
33-->src\main\AndroidManifest.xml:9:9-35
34        android:appComponentFactory="androidx.core.app.CoreComponentFactory"
34-->[androidx.core:core:1.9.0] AndroidManifest.xml:28:18-86
35        android:dataExtractionRules="@xml/data_extraction_rules"
35-->src\main\AndroidManifest.xml:10:9-65
36        android:debuggable="true"
37        android:extractNativeLibs="false"
38        android:fullBackupContent="@xml/backup_rules"
38-->src\main\AndroidManifest.xml:11:9-54
39        android:icon="@mipmap/ic_launcher"
39-->src\main\AndroidManifest.xml:12:9-43
40        android:label="@string/app_name"
40-->src\main\AndroidManifest.xml:13:9-41
41        android:roundIcon="@mipmap/ic_launcher_round"
41-->src\main\AndroidManifest.xml:14:9-54
42        android:supportsRtl="true"
42-->src\main\AndroidManifest.xml:15:9-35
43        android:theme="@style/Theme.AppCompat.Light" >
43-->src\main\AndroidManifest.xml:16:9-53
44        <activity
44-->src\main\AndroidManifest.xml:18:9-20:40
45            android:name="com.example.b2023gr2sw.HFirebaseUIAuth"
45-->src\main\AndroidManifest.xml:19:13-44
46            android:exported="false" />
46-->src\main\AndroidManifest.xml:20:13-37
47        <activity
47-->src\main\AndroidManifest.xml:21:9-23:40
48            android:name="com.example.b2023gr2sw.GGoogleMapsActivity"
48-->src\main\AndroidManifest.xml:22:13-48
49            android:exported="false" />
49-->src\main\AndroidManifest.xml:23:13-37
50        <!--
51             TODO: Before you run your application, you need a Google Maps API key.
52
53             To get one, follow the directions here:
54
55                https://developers.google.com/maps/documentation/android-sdk/get-api-key
56
57             Once you have your API key (it starts with "AIza"), define a new property in your
58             project's local.properties file (e.g. MAPS_API_KEY=Aiza...), and replace the
59             "YOUR_API_KEY" string in this file with "${MAPS_API_KEY}".
60        -->
61        <meta-data
61-->src\main\AndroidManifest.xml:35:9-37:71
62            android:name="com.google.android.geo.API_KEY"
62-->src\main\AndroidManifest.xml:36:13-58
63            android:value="AIzaSyCZnHvMtkadW64vde1xUHNfG2xWw6awITs" />
63-->src\main\AndroidManifest.xml:37:13-68
64
65        <activity
65-->src\main\AndroidManifest.xml:39:9-42:73
66            android:name="com.example.b2023gr2sw.GoogleMapsInicio"
66-->src\main\AndroidManifest.xml:40:13-45
67            android:exported="false"
67-->src\main\AndroidManifest.xml:41:13-37
68            android:label="@string/title_activity_google_maps_inicio" />
68-->src\main\AndroidManifest.xml:42:13-70
69        <activity
69-->src\main\AndroidManifest.xml:43:9-45:40
70            android:name="com.example.b2023gr2sw.FRecyclerView"
70-->src\main\AndroidManifest.xml:44:13-42
71            android:exported="false" />
71-->src\main\AndroidManifest.xml:45:13-37
72        <activity
72-->src\main\AndroidManifest.xml:46:9-48:40
73            android:name="com.example.b2023gr2sw.ECrudEntrenador"
73-->src\main\AndroidManifest.xml:47:13-44
74            android:exported="false" />
74-->src\main\AndroidManifest.xml:48:13-37
75        <activity
75-->src\main\AndroidManifest.xml:49:9-51:40
76            android:name="com.example.b2023gr2sw.CIntentExplicitoParametros"
76-->src\main\AndroidManifest.xml:50:13-55
77            android:exported="false" />
77-->src\main\AndroidManifest.xml:51:13-37
78        <activity
78-->src\main\AndroidManifest.xml:52:9-54:40
79            android:name="com.example.b2023gr2sw.BListView"
79-->src\main\AndroidManifest.xml:53:13-38
80            android:exported="false" />
80-->src\main\AndroidManifest.xml:54:13-37
81        <activity
81-->src\main\AndroidManifest.xml:55:9-57:40
82            android:name="com.example.b2023gr2sw.ACicloVida"
82-->src\main\AndroidManifest.xml:56:13-39
83            android:exported="false" />
83-->src\main\AndroidManifest.xml:57:13-37
84        <activity
84-->src\main\AndroidManifest.xml:58:9-67:20
85            android:name="com.example.b2023gr2sw.MainActivity"
85-->src\main\AndroidManifest.xml:59:13-41
86            android:exported="true"
86-->src\main\AndroidManifest.xml:60:13-36
87            android:label="@string/app_name" >
87-->src\main\AndroidManifest.xml:61:13-45
88            <intent-filter>
88-->src\main\AndroidManifest.xml:62:13-66:29
89                <action android:name="android.intent.action.MAIN" />
89-->src\main\AndroidManifest.xml:63:17-69
89-->src\main\AndroidManifest.xml:63:25-66
90
91                <category android:name="android.intent.category.LAUNCHER" />
91-->src\main\AndroidManifest.xml:65:17-77
91-->src\main\AndroidManifest.xml:65:27-74
92            </intent-filter>
93        </activity>
94
95        <meta-data
95-->[com.firebaseui:firebase-ui-auth:7.2.0] AndroidManifest.xml:16:9-18:69
96            android:name="com.google.android.gms.version"
96-->[com.firebaseui:firebase-ui-auth:7.2.0] AndroidManifest.xml:17:13-58
97            android:value="@integer/google_play_services_version" />
97-->[com.firebaseui:firebase-ui-auth:7.2.0] AndroidManifest.xml:18:13-66
98        <meta-data
98-->[com.firebaseui:firebase-ui-auth:7.2.0] AndroidManifest.xml:19:9-21:63
99            android:name="com.facebook.sdk.ApplicationId"
99-->[com.firebaseui:firebase-ui-auth:7.2.0] AndroidManifest.xml:20:13-58
100            android:value="@string/facebook_application_id" />
100-->[com.firebaseui:firebase-ui-auth:7.2.0] AndroidManifest.xml:21:13-60
101
102        <activity
102-->[com.firebaseui:firebase-ui-auth:7.2.0] AndroidManifest.xml:23:9-27:61
103            android:name="com.firebase.ui.auth.KickoffActivity"
103-->[com.firebaseui:firebase-ui-auth:7.2.0] AndroidManifest.xml:24:13-64
104            android:exported="false"
104-->[com.firebaseui:firebase-ui-auth:7.2.0] AndroidManifest.xml:25:13-37
105            android:label=""
105-->[com.firebaseui:firebase-ui-auth:7.2.0] AndroidManifest.xml:26:13-29
106            android:theme="@style/FirebaseUI.Transparent" />
106-->[com.firebaseui:firebase-ui-auth:7.2.0] AndroidManifest.xml:27:13-58
107        <activity
107-->[com.firebaseui:firebase-ui-auth:7.2.0] AndroidManifest.xml:28:9-32:61
108            android:name="com.firebase.ui.auth.ui.idp.SingleSignInActivity"
108-->[com.firebaseui:firebase-ui-auth:7.2.0] AndroidManifest.xml:29:13-76
109            android:exported="false"
109-->[com.firebaseui:firebase-ui-auth:7.2.0] AndroidManifest.xml:30:13-37
110            android:label=""
110-->[com.firebaseui:firebase-ui-auth:7.2.0] AndroidManifest.xml:31:13-29
111            android:theme="@style/FirebaseUI.Transparent" />
111-->[com.firebaseui:firebase-ui-auth:7.2.0] AndroidManifest.xml:32:13-58
112        <activity
112-->[com.firebaseui:firebase-ui-auth:7.2.0] AndroidManifest.xml:33:9-37:61
113            android:name="com.firebase.ui.auth.ui.credentials.CredentialSaveActivity"
113-->[com.firebaseui:firebase-ui-auth:7.2.0] AndroidManifest.xml:34:13-86
114            android:exported="false"
114-->[com.firebaseui:firebase-ui-auth:7.2.0] AndroidManifest.xml:35:13-37
115            android:label=""
115-->[com.firebaseui:firebase-ui-auth:7.2.0] AndroidManifest.xml:36:13-29
116            android:theme="@style/FirebaseUI.Transparent" />
116-->[com.firebaseui:firebase-ui-auth:7.2.0] AndroidManifest.xml:37:13-58
117        <activity
117-->[com.firebaseui:firebase-ui-auth:7.2.0] AndroidManifest.xml:38:9-42:58
118            android:name="com.firebase.ui.auth.ui.email.RecoverPasswordActivity"
118-->[com.firebaseui:firebase-ui-auth:7.2.0] AndroidManifest.xml:39:13-81
119            android:exported="false"
119-->[com.firebaseui:firebase-ui-auth:7.2.0] AndroidManifest.xml:40:13-37
120            android:label="@string/fui_title_recover_password_activity"
120-->[com.firebaseui:firebase-ui-auth:7.2.0] AndroidManifest.xml:41:13-72
121            android:windowSoftInputMode="adjustResize" />
121-->[com.firebaseui:firebase-ui-auth:7.2.0] AndroidManifest.xml:42:13-55
122        <activity
122-->[com.firebaseui:firebase-ui-auth:7.2.0] AndroidManifest.xml:43:9-47:58
123            android:name="com.firebase.ui.auth.ui.email.EmailActivity"
123-->[com.firebaseui:firebase-ui-auth:7.2.0] AndroidManifest.xml:44:13-71
124            android:exported="false"
124-->[com.firebaseui:firebase-ui-auth:7.2.0] AndroidManifest.xml:45:13-37
125            android:label="@string/fui_sign_in_default"
125-->[com.firebaseui:firebase-ui-auth:7.2.0] AndroidManifest.xml:46:13-56
126            android:windowSoftInputMode="adjustResize" />
126-->[com.firebaseui:firebase-ui-auth:7.2.0] AndroidManifest.xml:47:13-55
127        <activity
127-->[com.firebaseui:firebase-ui-auth:7.2.0] AndroidManifest.xml:48:9-52:77
128            android:name="com.firebase.ui.auth.ui.phone.PhoneActivity"
128-->[com.firebaseui:firebase-ui-auth:7.2.0] AndroidManifest.xml:49:13-71
129            android:exported="false"
129-->[com.firebaseui:firebase-ui-auth:7.2.0] AndroidManifest.xml:50:13-37
130            android:label="@string/fui_sign_in_with_phone_number"
130-->[com.firebaseui:firebase-ui-auth:7.2.0] AndroidManifest.xml:51:13-66
131            android:windowSoftInputMode="adjustResize|stateAlwaysVisible" />
131-->[com.firebaseui:firebase-ui-auth:7.2.0] AndroidManifest.xml:52:13-74
132        <activity
132-->[com.firebaseui:firebase-ui-auth:7.2.0] AndroidManifest.xml:53:9-57:58
133            android:name="com.firebase.ui.auth.ui.idp.WelcomeBackIdpPrompt"
133-->[com.firebaseui:firebase-ui-auth:7.2.0] AndroidManifest.xml:54:13-76
134            android:exported="false"
134-->[com.firebaseui:firebase-ui-auth:7.2.0] AndroidManifest.xml:55:13-37
135            android:label="@string/fui_title_welcome_back_idp_prompt"
135-->[com.firebaseui:firebase-ui-auth:7.2.0] AndroidManifest.xml:56:13-70
136            android:windowSoftInputMode="adjustResize" />
136-->[com.firebaseui:firebase-ui-auth:7.2.0] AndroidManifest.xml:57:13-55
137        <activity
137-->[com.firebaseui:firebase-ui-auth:7.2.0] AndroidManifest.xml:58:9-62:58
138            android:name="com.firebase.ui.auth.ui.email.WelcomeBackPasswordPrompt"
138-->[com.firebaseui:firebase-ui-auth:7.2.0] AndroidManifest.xml:59:13-83
139            android:exported="false"
139-->[com.firebaseui:firebase-ui-auth:7.2.0] AndroidManifest.xml:60:13-37
140            android:label="@string/fui_title_welcome_back_password_prompt"
140-->[com.firebaseui:firebase-ui-auth:7.2.0] AndroidManifest.xml:61:13-75
141            android:windowSoftInputMode="adjustResize" />
141-->[com.firebaseui:firebase-ui-auth:7.2.0] AndroidManifest.xml:62:13-55
142        <activity
142-->[com.firebaseui:firebase-ui-auth:7.2.0] AndroidManifest.xml:63:9-67:58
143            android:name="com.firebase.ui.auth.ui.email.WelcomeBackEmailLinkPrompt"
143-->[com.firebaseui:firebase-ui-auth:7.2.0] AndroidManifest.xml:64:13-84
144            android:exported="false"
144-->[com.firebaseui:firebase-ui-auth:7.2.0] AndroidManifest.xml:65:13-37
145            android:label="@string/fui_title_welcome_back_password_prompt"
145-->[com.firebaseui:firebase-ui-auth:7.2.0] AndroidManifest.xml:66:13-75
146            android:windowSoftInputMode="adjustResize" />
146-->[com.firebaseui:firebase-ui-auth:7.2.0] AndroidManifest.xml:67:13-55
147        <activity
147-->[com.firebaseui:firebase-ui-auth:7.2.0] AndroidManifest.xml:68:9-73:58
148            android:name="com.firebase.ui.auth.ui.email.EmailLinkCatcherActivity"
148-->[com.firebaseui:firebase-ui-auth:7.2.0] AndroidManifest.xml:69:13-82
149            android:exported="false"
149-->[com.firebaseui:firebase-ui-auth:7.2.0] AndroidManifest.xml:70:13-37
150            android:label=""
150-->[com.firebaseui:firebase-ui-auth:7.2.0] AndroidManifest.xml:71:13-29
151            android:theme="@style/FirebaseUI.Transparent"
151-->[com.firebaseui:firebase-ui-auth:7.2.0] AndroidManifest.xml:72:13-58
152            android:windowSoftInputMode="adjustResize" />
152-->[com.firebaseui:firebase-ui-auth:7.2.0] AndroidManifest.xml:73:13-55
153        <activity
153-->[com.firebaseui:firebase-ui-auth:7.2.0] AndroidManifest.xml:74:9-78:58
154            android:name="com.firebase.ui.auth.ui.email.EmailLinkErrorRecoveryActivity"
154-->[com.firebaseui:firebase-ui-auth:7.2.0] AndroidManifest.xml:75:13-88
155            android:exported="false"
155-->[com.firebaseui:firebase-ui-auth:7.2.0] AndroidManifest.xml:76:13-37
156            android:label="@string/fui_sign_in_default"
156-->[com.firebaseui:firebase-ui-auth:7.2.0] AndroidManifest.xml:77:13-56
157            android:windowSoftInputMode="adjustResize" />
157-->[com.firebaseui:firebase-ui-auth:7.2.0] AndroidManifest.xml:78:13-55
158        <activity
158-->[com.firebaseui:firebase-ui-auth:7.2.0] AndroidManifest.xml:79:9-82:65
159            android:name="com.firebase.ui.auth.ui.idp.AuthMethodPickerActivity"
159-->[com.firebaseui:firebase-ui-auth:7.2.0] AndroidManifest.xml:80:13-80
160            android:exported="false"
160-->[com.firebaseui:firebase-ui-auth:7.2.0] AndroidManifest.xml:81:13-37
161            android:label="@string/fui_default_toolbar_title" />
161-->[com.firebaseui:firebase-ui-auth:7.2.0] AndroidManifest.xml:82:13-62
162        <activity
162-->[com.firebaseui:firebase-ui-auth:7.2.0] AndroidManifest.xml:83:9-87:48
163            android:name="com.facebook.FacebookActivity"
163-->[com.firebaseui:firebase-ui-auth:7.2.0] AndroidManifest.xml:84:13-57
164            android:configChanges="keyboard|keyboardHidden|screenLayout|screenSize|orientation"
164-->[com.firebaseui:firebase-ui-auth:7.2.0] AndroidManifest.xml:85:13-96
165            android:label="@string/app_name" />
165-->[com.firebaseui:firebase-ui-auth:7.2.0] AndroidManifest.xml:86:13-45
166        <activity
166-->[com.firebaseui:firebase-ui-auth:7.2.0] AndroidManifest.xml:88:9-100:20
167            android:name="com.facebook.CustomTabActivity"
167-->[com.firebaseui:firebase-ui-auth:7.2.0] AndroidManifest.xml:89:13-58
168            android:exported="true" >
168-->[com.firebaseui:firebase-ui-auth:7.2.0] AndroidManifest.xml:90:13-36
169            <intent-filter>
169-->[com.firebaseui:firebase-ui-auth:7.2.0] AndroidManifest.xml:92:13-99:29
170                <action android:name="android.intent.action.VIEW" />
170-->[com.firebaseui:firebase-ui-auth:7.2.0] AndroidManifest.xml:93:17-69
170-->[com.firebaseui:firebase-ui-auth:7.2.0] AndroidManifest.xml:93:25-66
171
172                <category android:name="android.intent.category.DEFAULT" />
172-->[com.firebaseui:firebase-ui-auth:7.2.0] AndroidManifest.xml:95:17-76
172-->[com.firebaseui:firebase-ui-auth:7.2.0] AndroidManifest.xml:95:27-73
173                <category android:name="android.intent.category.BROWSABLE" />
173-->[com.firebaseui:firebase-ui-auth:7.2.0] AndroidManifest.xml:96:17-78
173-->[com.firebaseui:firebase-ui-auth:7.2.0] AndroidManifest.xml:96:27-75
174
175                <data android:scheme="@string/facebook_login_protocol_scheme" />
175-->[com.firebaseui:firebase-ui-auth:7.2.0] AndroidManifest.xml:98:17-81
175-->[com.firebaseui:firebase-ui-auth:7.2.0] AndroidManifest.xml:98:23-78
176            </intent-filter>
177        </activity>
178
179        <provider
179-->[com.firebaseui:firebase-ui-auth:7.2.0] AndroidManifest.xml:102:9-106:38
180            android:name="com.firebase.ui.auth.data.client.AuthUiInitProvider"
180-->[com.firebaseui:firebase-ui-auth:7.2.0] AndroidManifest.xml:103:13-79
181            android:authorities="com.example.b2023gr2sw.authuiinitprovider"
181-->[com.firebaseui:firebase-ui-auth:7.2.0] AndroidManifest.xml:104:13-70
182            android:exported="false"
182-->[com.firebaseui:firebase-ui-auth:7.2.0] AndroidManifest.xml:105:13-37
183            android:initOrder="90" />
183-->[com.firebaseui:firebase-ui-auth:7.2.0] AndroidManifest.xml:106:13-35
184
185        <activity
185-->[androidx.compose.ui:ui-test-manifest:1.4.0] AndroidManifest.xml:23:9-25:39
186            android:name="androidx.activity.ComponentActivity"
186-->[androidx.compose.ui:ui-test-manifest:1.4.0] AndroidManifest.xml:24:13-63
187            android:exported="true" />
187-->[androidx.compose.ui:ui-test-manifest:1.4.0] AndroidManifest.xml:25:13-36
188        <activity
188-->[androidx.compose.ui:ui-tooling:1.4.0] AndroidManifest.xml:23:9-25:39
189            android:name="androidx.compose.ui.tooling.PreviewActivity"
189-->[androidx.compose.ui:ui-tooling:1.4.0] AndroidManifest.xml:24:13-71
190            android:exported="true" />
190-->[androidx.compose.ui:ui-tooling:1.4.0] AndroidManifest.xml:25:13-36
191        <activity
191-->[com.google.android.gms:play-services-auth:20.0.1] AndroidManifest.xml:23:9-27:75
192            android:name="com.google.android.gms.auth.api.signin.internal.SignInHubActivity"
192-->[com.google.android.gms:play-services-auth:20.0.1] AndroidManifest.xml:24:13-93
193            android:excludeFromRecents="true"
193-->[com.google.android.gms:play-services-auth:20.0.1] AndroidManifest.xml:25:13-46
194            android:exported="false"
194-->[com.google.android.gms:play-services-auth:20.0.1] AndroidManifest.xml:26:13-37
195            android:theme="@android:style/Theme.Translucent.NoTitleBar" />
195-->[com.google.android.gms:play-services-auth:20.0.1] AndroidManifest.xml:27:13-72
196        <!--
197            Service handling Google Sign-In user revocation. For apps that do not integrate with
198            Google Sign-In, this service will never be started.
199        -->
200        <service
200-->[com.google.android.gms:play-services-auth:20.0.1] AndroidManifest.xml:33:9-37:51
201            android:name="com.google.android.gms.auth.api.signin.RevocationBoundService"
201-->[com.google.android.gms:play-services-auth:20.0.1] AndroidManifest.xml:34:13-89
202            android:exported="true"
202-->[com.google.android.gms:play-services-auth:20.0.1] AndroidManifest.xml:35:13-36
203            android:permission="com.google.android.gms.auth.api.signin.permission.REVOCATION_NOTIFICATION"
203-->[com.google.android.gms:play-services-auth:20.0.1] AndroidManifest.xml:36:13-107
204            android:visibleToInstantApps="true" /> <!-- Needs to be explicitly declared on P+ -->
204-->[com.google.android.gms:play-services-auth:20.0.1] AndroidManifest.xml:37:13-48
205        <uses-library
205-->[com.google.android.gms:play-services-maps:18.1.0] AndroidManifest.xml:39:9-41:40
206            android:name="org.apache.http.legacy"
206-->[com.google.android.gms:play-services-maps:18.1.0] AndroidManifest.xml:40:13-50
207            android:required="false" />
207-->[com.google.android.gms:play-services-maps:18.1.0] AndroidManifest.xml:41:13-37
208
209        <service
209-->[com.google.firebase:firebase-auth-ktx:21.0.5] AndroidManifest.xml:8:9-14:19
210            android:name="com.google.firebase.components.ComponentDiscoveryService"
210-->[com.google.firebase:firebase-auth-ktx:21.0.5] AndroidManifest.xml:9:13-84
211            android:directBootAware="true"
211-->[com.google.firebase:firebase-common:20.1.1] AndroidManifest.xml:35:13-43
212            android:exported="false" >
212-->[com.google.firebase:firebase-auth-ktx:21.0.5] AndroidManifest.xml:10:13-37
213            <meta-data
213-->[com.google.firebase:firebase-auth-ktx:21.0.5] AndroidManifest.xml:11:13-13:85
214                android:name="com.google.firebase.components:com.google.firebase.auth.ktx.FirebaseAuthKtxRegistrar"
214-->[com.google.firebase:firebase-auth-ktx:21.0.5] AndroidManifest.xml:12:17-116
215                android:value="com.google.firebase.components.ComponentRegistrar" />
215-->[com.google.firebase:firebase-auth-ktx:21.0.5] AndroidManifest.xml:13:17-82
216            <meta-data
216-->[com.google.firebase:firebase-auth:21.0.5] AndroidManifest.xml:67:13-69:85
217                android:name="com.google.firebase.components:com.google.firebase.auth.FirebaseAuthRegistrar"
217-->[com.google.firebase:firebase-auth:21.0.5] AndroidManifest.xml:68:17-109
218                android:value="com.google.firebase.components.ComponentRegistrar" />
218-->[com.google.firebase:firebase-auth:21.0.5] AndroidManifest.xml:69:17-82
219            <meta-data
219-->[com.google.firebase:firebase-firestore-ktx:24.1.2] AndroidManifest.xml:15:13-17:85
220                android:name="com.google.firebase.components:com.google.firebase.firestore.ktx.FirebaseFirestoreKtxRegistrar"
220-->[com.google.firebase:firebase-firestore-ktx:24.1.2] AndroidManifest.xml:16:17-126
221                android:value="com.google.firebase.components.ComponentRegistrar" />
221-->[com.google.firebase:firebase-firestore-ktx:24.1.2] AndroidManifest.xml:17:17-82
222            <meta-data
222-->[com.google.firebase:firebase-firestore:24.1.2] AndroidManifest.xml:20:13-22:85
223                android:name="com.google.firebase.components:com.google.firebase.firestore.FirestoreRegistrar"
223-->[com.google.firebase:firebase-firestore:24.1.2] AndroidManifest.xml:21:17-111
224                android:value="com.google.firebase.components.ComponentRegistrar" />
224-->[com.google.firebase:firebase-firestore:24.1.2] AndroidManifest.xml:22:17-82
225            <meta-data
225-->[com.google.firebase:firebase-common-ktx:20.1.1] AndroidManifest.xml:15:13-17:85
226                android:name="com.google.firebase.components:com.google.firebase.ktx.FirebaseCommonKtxRegistrar"
226-->[com.google.firebase:firebase-common-ktx:20.1.1] AndroidManifest.xml:16:17-113
227                android:value="com.google.firebase.components.ComponentRegistrar" />
227-->[com.google.firebase:firebase-common-ktx:20.1.1] AndroidManifest.xml:17:17-82
228        </service>
229
230        <activity
230-->[com.google.firebase:firebase-auth:21.0.5] AndroidManifest.xml:27:9-44:20
231            android:name="com.google.firebase.auth.internal.GenericIdpActivity"
231-->[com.google.firebase:firebase-auth:21.0.5] AndroidManifest.xml:28:13-80
232            android:excludeFromRecents="true"
232-->[com.google.firebase:firebase-auth:21.0.5] AndroidManifest.xml:29:13-46
233            android:exported="true"
233-->[com.google.firebase:firebase-auth:21.0.5] AndroidManifest.xml:30:13-36
234            android:launchMode="singleTask"
234-->[com.google.firebase:firebase-auth:21.0.5] AndroidManifest.xml:31:13-44
235            android:theme="@android:style/Theme.Translucent.NoTitleBar" >
235-->[com.google.firebase:firebase-auth:21.0.5] AndroidManifest.xml:32:13-72
236            <intent-filter>
236-->[com.google.firebase:firebase-auth:21.0.5] AndroidManifest.xml:33:13-43:29
237                <action android:name="android.intent.action.VIEW" />
237-->[com.firebaseui:firebase-ui-auth:7.2.0] AndroidManifest.xml:93:17-69
237-->[com.firebaseui:firebase-ui-auth:7.2.0] AndroidManifest.xml:93:25-66
238
239                <category android:name="android.intent.category.DEFAULT" />
239-->[com.firebaseui:firebase-ui-auth:7.2.0] AndroidManifest.xml:95:17-76
239-->[com.firebaseui:firebase-ui-auth:7.2.0] AndroidManifest.xml:95:27-73
240                <category android:name="android.intent.category.BROWSABLE" />
240-->[com.firebaseui:firebase-ui-auth:7.2.0] AndroidManifest.xml:96:17-78
240-->[com.firebaseui:firebase-ui-auth:7.2.0] AndroidManifest.xml:96:27-75
241
242                <data
242-->[com.firebaseui:firebase-ui-auth:7.2.0] AndroidManifest.xml:98:17-81
243                    android:host="firebase.auth"
244                    android:path="/"
245                    android:scheme="genericidp" />
245-->[com.firebaseui:firebase-ui-auth:7.2.0] AndroidManifest.xml:98:23-78
246            </intent-filter>
247        </activity>
248        <activity
248-->[com.google.firebase:firebase-auth:21.0.5] AndroidManifest.xml:45:9-62:20
249            android:name="com.google.firebase.auth.internal.RecaptchaActivity"
249-->[com.google.firebase:firebase-auth:21.0.5] AndroidManifest.xml:46:13-79
250            android:excludeFromRecents="true"
250-->[com.google.firebase:firebase-auth:21.0.5] AndroidManifest.xml:47:13-46
251            android:exported="true"
251-->[com.google.firebase:firebase-auth:21.0.5] AndroidManifest.xml:48:13-36
252            android:launchMode="singleTask"
252-->[com.google.firebase:firebase-auth:21.0.5] AndroidManifest.xml:49:13-44
253            android:theme="@android:style/Theme.Translucent.NoTitleBar" >
253-->[com.google.firebase:firebase-auth:21.0.5] AndroidManifest.xml:50:13-72
254            <intent-filter>
254-->[com.google.firebase:firebase-auth:21.0.5] AndroidManifest.xml:51:13-61:29
255                <action android:name="android.intent.action.VIEW" />
255-->[com.firebaseui:firebase-ui-auth:7.2.0] AndroidManifest.xml:93:17-69
255-->[com.firebaseui:firebase-ui-auth:7.2.0] AndroidManifest.xml:93:25-66
256
257                <category android:name="android.intent.category.DEFAULT" />
257-->[com.firebaseui:firebase-ui-auth:7.2.0] AndroidManifest.xml:95:17-76
257-->[com.firebaseui:firebase-ui-auth:7.2.0] AndroidManifest.xml:95:27-73
258                <category android:name="android.intent.category.BROWSABLE" />
258-->[com.firebaseui:firebase-ui-auth:7.2.0] AndroidManifest.xml:96:17-78
258-->[com.firebaseui:firebase-ui-auth:7.2.0] AndroidManifest.xml:96:27-75
259
260                <data
260-->[com.firebaseui:firebase-ui-auth:7.2.0] AndroidManifest.xml:98:17-81
261                    android:host="firebase.auth"
262                    android:path="/"
263                    android:scheme="recaptcha" />
263-->[com.firebaseui:firebase-ui-auth:7.2.0] AndroidManifest.xml:98:23-78
264            </intent-filter>
265        </activity>
266        <activity
266-->[com.google.android.gms:play-services-base:18.0.1] AndroidManifest.xml:20:9-22:45
267            android:name="com.google.android.gms.common.api.GoogleApiActivity"
267-->[com.google.android.gms:play-services-base:18.0.1] AndroidManifest.xml:20:19-85
268            android:exported="false"
268-->[com.google.android.gms:play-services-base:18.0.1] AndroidManifest.xml:22:19-43
269            android:theme="@android:style/Theme.Translucent.NoTitleBar" />
269-->[com.google.android.gms:play-services-base:18.0.1] AndroidManifest.xml:21:19-78
270
271        <provider
271-->[com.google.firebase:firebase-common:20.1.1] AndroidManifest.xml:26:9-31:39
272            android:name="com.google.firebase.provider.FirebaseInitProvider"
272-->[com.google.firebase:firebase-common:20.1.1] AndroidManifest.xml:27:13-77
273            android:authorities="com.example.b2023gr2sw.firebaseinitprovider"
273-->[com.google.firebase:firebase-common:20.1.1] AndroidManifest.xml:28:13-72
274            android:directBootAware="true"
274-->[com.google.firebase:firebase-common:20.1.1] AndroidManifest.xml:29:13-43
275            android:exported="false"
275-->[com.google.firebase:firebase-common:20.1.1] AndroidManifest.xml:30:13-37
276            android:initOrder="100" />
276-->[com.google.firebase:firebase-common:20.1.1] AndroidManifest.xml:31:13-36
277        <provider
277-->[androidx.emoji2:emoji2:1.3.0] AndroidManifest.xml:24:9-32:20
278            android:name="androidx.startup.InitializationProvider"
278-->[androidx.emoji2:emoji2:1.3.0] AndroidManifest.xml:25:13-67
279            android:authorities="com.example.b2023gr2sw.androidx-startup"
279-->[androidx.emoji2:emoji2:1.3.0] AndroidManifest.xml:26:13-68
280            android:exported="false" >
280-->[androidx.emoji2:emoji2:1.3.0] AndroidManifest.xml:27:13-37
281            <meta-data
281-->[androidx.emoji2:emoji2:1.3.0] AndroidManifest.xml:29:13-31:52